	Exporter version: 4.6.1, Blender version: 2.78 (sub 0)
========= Conversion from Blender to Babylon.js =========
	Scene settings used:
		selected layers only:  false
		flat shading entire scene:  false
		inline textures:  false
		texture directory:  /Users/Guillaume/Documents/WEB/BabylonProject/dist/textures/
	Python World class constructor completed
	processing begun of mesh:  Plane
		processing begun of Standard material:  Material.001
		num positions      :  7022
		num normals        :  7022
		num uvs            :  0
		num uvs2           :  0
		num colors         :  0
		num indices        :  42120
	processing begun of camera (FreeCamera):  Camera
	processing begun of light (POINT):  Lamp
========= Writing of scene file started =========
========= Writing of scene file completed =========
========= end of processing =========
elapsed time:  0 min, 0.9725 secs
